<?xml version="1.0" encoding="utf-8"?><testsuites name="pytest tests"><testsuite name="pytest" errors="0" failures="0" skipped="0" tests="25" time="6.782" timestamp="2026-03-20T18:34:37.698613+00:00" hostname="agent-env-c2df6b2f-58ed-4c5a-8d54-052c9322f0b3"><testcase classname="tests.test_api.TestHealthEndpoints" name="test_root_endpoint" time="0.186" /><testcase classname="tests.test_api.TestHealthEndpoints" name="test_health_check" time="0.118" /><testcase classname="tests.test_api.TestProjectionEngine" name="test_projection_basic" time="1.726" /><testcase classname="tests.test_api.TestProjectionEngine" name="test_projection_high_mrr" time="0.482" /><testcase classname="tests.test_api.TestProjectionEngine" name="test_projection_validation_negative_mrr" time="0.140" /><testcase classname="tests.test_api.TestProjectionEngine" name="test_projection_validation_high_growth" time="0.149" /><testcase classname="tests.test_api.TestProjectionEngine" name="test_get_shared_projection" time="0.980" /><testcase classname="tests.test_api.TestProjectionEngine" name="test_get_nonexistent_projection" time="0.547" /><testcase classname="tests.test_api.TestBenchmarks" name="test_get_preseed_benchmarks" time="0.099" /><testcase classname="tests.test_api.TestBenchmarks" name="test_get_seed_benchmarks" time="0.107" /><testcase classname="tests.test_api.TestBenchmarks" name="test_get_series_a_benchmarks" time="0.106" /><testcase classname="tests.test_api.TestBenchmarks" name="test_invalid_stage" time="0.096" /><testcase classname="tests.test_api.TestBenchmarks" name="test_compare_benchmark" time="0.112" /><testcase classname="tests.test_api.TestAuthenticatedEndpoints" name="test_user_profile_requires_auth" time="0.111" /><testcase classname="tests.test_api.TestAuthenticatedEndpoints" name="test_checkins_requires_auth" time="0.119" /><testcase classname="tests.test_api.TestAuthenticatedEndpoints" name="test_dashboard_requires_auth" time="0.112" /><testcase classname="tests.test_api.TestQuizEndpoint" name="test_quiz_submit" time="0.539" /><testcase classname="tests.test_api.TestConnectorsEndpoint" name="test_list_providers" time="0.142" /><testcase classname="tests.test_api.TestConnectorsEndpoint" name="test_connectors_requires_auth" time="0.098" /><testcase classname="tests.test_api.TestAdminEndpoints" name="test_admin_stats_requires_auth" time="0.114" /><testcase classname="tests.test_api.TestAdminEndpoints" name="test_admin_engagement_stats_requires_auth" time="0.123" /><testcase classname="tests.test_api.TestAdminEndpoints" name="test_admin_dedup_status_requires_auth" time="0.169" /><testcase classname="tests.test_api.TestAdminEndpoints" name="test_admin_scheduler_status_requires_auth" time="0.121" /><testcase classname="tests.test_api.TestAdminEndpoints" name="test_admin_system_health_requires_auth" time="0.098" /><testcase classname="tests.test_api.TestAdminEndpoints" name="test_admin_trigger_job_requires_auth" time="0.106" /></testsuite></testsuites>