<?xml version="1.0" encoding="utf-8"?><testsuites name="pytest tests"><testsuite name="pytest" errors="0" failures="0" skipped="0" tests="31" time="5.528" timestamp="2026-03-20T18:50:09.306354+00:00" hostname="agent-env-c2df6b2f-58ed-4c5a-8d54-052c9322f0b3"><testcase classname="backend.tests.test_security_observability.TestHealthAndMiddleware" name="test_health_endpoint" time="0.188" /><testcase classname="backend.tests.test_security_observability.TestHealthAndMiddleware" name="test_request_id_header" time="0.113" /><testcase classname="backend.tests.test_security_observability.TestHealthAndMiddleware" name="test_response_time_header" time="0.121" /><testcase classname="backend.tests.test_security_observability.TestAdminEndpointProtection" name="test_admin_stats_requires_auth" time="0.097" /><testcase classname="backend.tests.test_security_observability.TestAdminEndpointProtection" name="test_admin_scheduler_status_requires_auth" time="0.119" /><testcase classname="backend.tests.test_security_observability.TestAdminEndpointProtection" name="test_admin_system_health_requires_auth" time="0.116" /><testcase classname="backend.tests.test_security_observability.TestAdminEndpointProtection" name="test_admin_engagement_stats_requires_auth" time="0.115" /><testcase classname="backend.tests.test_security_observability.TestAdminEndpointProtection" name="test_admin_dedup_status_requires_auth" time="0.147" /><testcase classname="backend.tests.test_security_observability.TestAdminEndpointProtection" name="test_admin_trigger_job_requires_auth" time="0.135" /><testcase classname="backend.tests.test_security_observability.TestAdminEndpointProtection" name="test_admin_subscription_grant_requires_auth" time="0.113" /><testcase classname="backend.tests.test_security_observability.TestAdminEndpointProtection" name="test_admin_beta_grant_requires_auth" time="0.147" /><testcase classname="backend.tests.test_security_observability.TestDashboardEndpointProtection" name="test_dashboard_overview_requires_auth" time="0.116" /><testcase classname="backend.tests.test_security_observability.TestDashboardEndpointProtection" name="test_dashboard_revenue_requires_auth" time="0.103" /><testcase classname="backend.tests.test_security_observability.TestDashboardEndpointProtection" name="test_checkin_submit_requires_auth" time="0.125" /><testcase classname="backend.tests.test_security_observability.TestDashboardEndpointProtection" name="test_checkins_list_requires_auth" time="0.104" /><testcase classname="backend.tests.test_security_observability.TestAIEndpointProtection" name="test_ai_usage_requires_auth" time="0.158" /><testcase classname="backend.tests.test_security_observability.TestAIEndpointProtection" name="test_ai_daily_pulse_requires_auth" time="0.132" /><testcase classname="backend.tests.test_security_observability.TestAIEndpointProtection" name="test_ai_weekly_question_requires_auth" time="0.123" /><testcase classname="backend.tests.test_security_observability.TestAIEndpointProtection" name="test_ai_board_report_requires_auth" time="0.133" /><testcase classname="backend.tests.test_security_observability.TestAIEndpointProtection" name="test_ai_deviation_requires_auth" time="0.111" /><testcase classname="backend.tests.test_security_observability.TestPaymentsWebhook" name="test_webhook_requires_signature" time="0.106" /><testcase classname="backend.tests.test_security_observability.TestPaymentsWebhook" name="test_webhook_rejects_invalid_content_type" time="0.110" /><testcase classname="backend.tests.test_security_observability.TestConnectorsEndpoint" name="test_list_providers" time="0.101" /><testcase classname="backend.tests.test_security_observability.TestConnectorsEndpoint" name="test_connectors_list_requires_auth" time="0.132" /><testcase classname="backend.tests.test_security_observability.TestProjectionEngine" name="test_projection_basic" time="1.298" /><testcase classname="backend.tests.test_security_observability.TestProjectionEngine" name="test_projection_validation" time="0.128" /><testcase classname="backend.tests.test_security_observability.TestBenchmarks" name="test_get_preseed_benchmarks" time="0.115" /><testcase classname="backend.tests.test_security_observability.TestBenchmarks" name="test_benchmark_compare" time="0.128" /><testcase classname="backend.tests.test_security_observability.TestQuizEndpoint" name="test_quiz_submit" time="0.521" /><testcase classname="backend.tests.test_security_observability.TestUserEndpoints" name="test_user_profile_requires_auth" time="0.198" /><testcase classname="backend.tests.test_security_observability.TestUserEndpoints" name="test_user_onboarding_requires_auth" time="0.096" /></testsuite></testsuites>