<?xml version="1.0" encoding="utf-8"?><testsuites name="pytest tests"><testsuite name="pytest" errors="0" failures="0" skipped="0" tests="17" time="2.771" timestamp="2026-03-17T00:39:28.068043+00:00" hostname="agent-env-c2df6b2f-58ed-4c5a-8d54-052c9322f0b3"><testcase classname="backend.tests.test_api.TestHealthEndpoints" name="test_root_endpoint" time="0.263" /><testcase classname="backend.tests.test_api.TestHealthEndpoints" name="test_health_check" time="0.174" /><testcase classname="backend.tests.test_api.TestProjectionEngine" name="test_projection_basic" time="0.162" /><testcase classname="backend.tests.test_api.TestProjectionEngine" name="test_projection_high_mrr" time="0.170" /><testcase classname="backend.tests.test_api.TestProjectionEngine" name="test_projection_validation_negative_mrr" time="0.125" /><testcase classname="backend.tests.test_api.TestProjectionEngine" name="test_projection_validation_high_growth" time="0.123" /><testcase classname="backend.tests.test_api.TestProjectionEngine" name="test_get_shared_projection" time="0.271" /><testcase classname="backend.tests.test_api.TestProjectionEngine" name="test_get_nonexistent_projection" time="0.132" /><testcase classname="backend.tests.test_api.TestBenchmarks" name="test_get_preseed_benchmarks" time="0.137" /><testcase classname="backend.tests.test_api.TestBenchmarks" name="test_get_seed_benchmarks" time="0.151" /><testcase classname="backend.tests.test_api.TestBenchmarks" name="test_get_series_a_benchmarks" time="0.111" /><testcase classname="backend.tests.test_api.TestBenchmarks" name="test_invalid_stage" time="0.177" /><testcase classname="backend.tests.test_api.TestBenchmarks" name="test_compare_benchmark" time="0.127" /><testcase classname="backend.tests.test_api.TestAuthenticatedEndpoints" name="test_user_profile_requires_auth" time="0.115" /><testcase classname="backend.tests.test_api.TestAuthenticatedEndpoints" name="test_checkins_requires_auth" time="0.143" /><testcase classname="backend.tests.test_api.TestAuthenticatedEndpoints" name="test_dashboard_requires_auth" time="0.155" /><testcase classname="backend.tests.test_api.TestQuizEndpoint" name="test_quiz_submit" time="0.129" /></testsuite></testsuites>