<?xml version="1.0" encoding="utf-8"?><testsuites name="pytest tests"><testsuite name="pytest" errors="0" failures="0" skipped="0" tests="27" time="7.583" timestamp="2026-03-20T19:14:00.554095+00:00" hostname="agent-env-c2df6b2f-58ed-4c5a-8d54-052c9322f0b3"><testcase classname="backend.tests.test_preproduction_iter10.TestHealthAndBasics" name="test_health_endpoint" time="0.132" /><testcase classname="backend.tests.test_preproduction_iter10.TestHealthAndBasics" name="test_api_root" time="0.109" /><testcase classname="backend.tests.test_preproduction_iter10.TestWaitlistEndpoint" name="test_waitlist_returns_position" time="1.118" /><testcase classname="backend.tests.test_preproduction_iter10.TestWaitlistEndpoint" name="test_waitlist_consent_required" time="0.103" /><testcase classname="backend.tests.test_preproduction_iter10.TestWaitlistEndpoint" name="test_waitlist_duplicate_email" time="1.418" /><testcase classname="backend.tests.test_preproduction_iter10.TestWaitlistEndpoint" name="test_waitlist_count" time="0.400" /><testcase classname="backend.tests.test_preproduction_iter10.TestCalculatorEngine" name="test_projection_basic" time="0.439" /><testcase classname="backend.tests.test_preproduction_iter10.TestCalculatorEngine" name="test_projection_slider_update" time="0.839" /><testcase classname="backend.tests.test_preproduction_iter10.TestCalculatorEngine" name="test_benchmarks_stage_selector" time="0.387" /><testcase classname="backend.tests.test_preproduction_iter10.TestCalculatorEngine" name="test_benchmark_compare" time="0.110" /><testcase classname="backend.tests.test_preproduction_iter10.TestAuthEndpoints" name="test_user_profile_requires_auth" time="0.133" /><testcase classname="backend.tests.test_preproduction_iter10.TestAuthEndpoints" name="test_dashboard_requires_auth" time="0.121" /><testcase classname="backend.tests.test_preproduction_iter10.TestAuthEndpoints" name="test_dashboard_revenue_requires_auth" time="0.121" /><testcase classname="backend.tests.test_preproduction_iter10.TestAdminEndpoints" name="test_admin_trigger_requires_auth" time="0.128" /><testcase classname="backend.tests.test_preproduction_iter10.TestAdminEndpoints" name="test_admin_dedup_requires_auth" time="0.116" /><testcase classname="backend.tests.test_preproduction_iter10.TestAdminEndpoints" name="test_admin_stats_requires_auth" time="0.131" /><testcase classname="backend.tests.test_preproduction_iter10.TestAdminEndpoints" name="test_admin_scheduler_requires_auth" time="0.128" /><testcase classname="backend.tests.test_preproduction_iter10.TestAdminEndpoints" name="test_admin_system_health_requires_auth" time="0.127" /><testcase classname="backend.tests.test_preproduction_iter10.TestAdminEndpoints" name="test_admin_waitlist_requires_auth" time="0.119" /><testcase classname="backend.tests.test_preproduction_iter10.TestQuizEndpoint" name="test_quiz_submit" time="0.432" /><testcase classname="backend.tests.test_preproduction_iter10.TestConnectorsEndpoint" name="test_list_providers" time="0.121" /><testcase classname="backend.tests.test_preproduction_iter10.TestConnectorsEndpoint" name="test_connectors_list_requires_auth" time="0.165" /><testcase classname="backend.tests.test_preproduction_iter10.TestPaymentsWebhook" name="test_webhook_requires_signature" time="0.138" /><testcase classname="backend.tests.test_preproduction_iter10.TestAIEndpoints" name="test_ai_usage_requires_auth" time="0.095" /><testcase classname="backend.tests.test_preproduction_iter10.TestAIEndpoints" name="test_ai_daily_pulse_requires_auth" time="0.114" /><testcase classname="backend.tests.test_preproduction_iter10.TestMiddlewareHeaders" name="test_request_id_header" time="0.155" /><testcase classname="backend.tests.test_preproduction_iter10.TestMiddlewareHeaders" name="test_response_time_header" time="0.103" /></testsuite></testsuites>